[{"_raw":"{\"Id\":4624,\"Version\":2,\"Qualifiers\":null,\"Level\":0,\"Task\":12544,\"Opcode\":0,\"Keywords\":-9214364837600034816,\"RecordId\":126313,\"ProviderName\":\"Microsoft-Windows-Security-Auditing\",\"ProviderId\":\"54849625-5478-4994-a5ba-3e3b0328c30d\",\"LogName\":\"Security\",\"ProcessId\":864,\"ThreadId\":5444,\"MachineName\":\"EC2AMAZ-T19PLRU\",\"UserId\":null,\"TimeCreated\":\"\\/Date(1677711801828)\\/\",\"ActivityId\":\"ded8c38d-4bde-0001-88c4-d8dede4bd901\",\"RelatedActivityId\":null,\"ContainerLog\":\"Security\",\"MatchedQueryIds\":[],\"Bookmark\":{},\"LevelDisplayName\":\"Information\",\"OpcodeDisplayName\":\"Info\",\"TaskDisplayName\":\"Logon\",\"KeywordsDisplayNames\":[\"Audit Success\"],\"Properties\":[{\"Value\":\"S-1-5-18\"},{\"Value\":\"EC2AMAZ-T19PLRU$\"},{\"Value\":\"WORKGROUP\"},{\"Value\":999},{\"Value\":\"S-1-5-18\"},{\"Value\":\"SYSTEM\"},{\"Value\":\"NT AUTHORITY\"},{\"Value\":999},{\"Value\":5},{\"Value\":\"Advapi  \"},{\"Value\":\"Negotiate\"},{\"Value\":\"-\"},{\"Value\":\"00000000-0000-0000-0000-000000000000\"},{\"Value\":\"-\"},{\"Value\":\"-\"},{\"Value\":0},{\"Value\":844},{\"Value\":\"C:\\\\Windows\\\\System32\\\\services.exe\"},{\"Value\":\"-\"},{\"Value\":\"-\"},{\"Value\":\"%%1833\"},{\"Value\":\"-\"},{\"Value\":\"-\"},{\"Value\":\"-\"},{\"Value\":\"%%1843\"},{\"Value\":0},{\"Value\":\"%%1842\"}],\"Message\":\"An account was successfully logged on.\\r\\n\\r\\nSubject:\\r\\n\\tSecurity ID:\\t\\tS-1-5-18\\r\\n\\tAccount Name:\\t\\tEC2AMAZ-T19PLRU$\\r\\n\\tAccount Domain:\\t\\tWORKGROUP\\r\\n\\tLogon ID:\\t\\t0x3E7\\r\\n\\r\\nLogon Information:\\r\\n\\tLogon Type:\\t\\t5\\r\\n\\tRestricted Admin Mode:\\t-\\r\\n\\tVirtual Account:\\t\\tNo\\r\\n\\tElevated Token:\\t\\tYes\\r\\n\\r\\nImpersonation Level:\\t\\tImpersonation\\r\\n\\r\\nNew Logon:\\r\\n\\tSecurity ID:\\t\\tS-1-5-18\\r\\n\\tAccount Name:\\t\\tSYSTEM\\r\\n\\tAccount Domain:\\t\\tNT AUTHORITY\\r\\n\\tLogon ID:\\t\\t0x3E7\\r\\n\\tLinked Logon ID:\\t\\t0x0\\r\\n\\tNetwork Account Name:\\t-\\r\\n\\tNetwork Account Domain:\\t-\\r\\n\\tLogon GUID:\\t\\t{00000000-0000-0000-0000-000000000000}\\r\\n\\r\\nProcess Information:\\r\\n\\tProcess ID:\\t\\t0x34c\\r\\n\\tProcess Name:\\t\\tC:\\\\Windows\\\\System32\\\\services.exe\\r\\n\\r\\nNetwork Information:\\r\\n\\tWorkstation Name:\\t-\\r\\n\\tSource Network Address:\\t-\\r\\n\\tSource Port:\\t\\t-\\r\\n\\r\\nDetailed Authentication Information:\\r\\n\\tLogon Process:\\t\\tAdvapi  \\r\\n\\tAuthentication Package:\\tNegotiate\\r\\n\\tTransited Services:\\t-\\r\\n\\tPackage Name (NTLM only):\\t-\\r\\n\\tKey Length:\\t\\t0\\r\\n\\r\\nThis event is generated when a logon session is created. It is generated on the computer that was accessed.\\r\\n\\r\\nThe subject fields indicate the account on the local system which requested the logon. This is most commonly a service such as the Server service, or a local process such as Winlogon.exe or Services.exe.\\r\\n\\r\\nThe logon type field indicates the kind of logon that occurred. The most common types are 2 (interactive) and 3 (network).\\r\\n\\r\\nThe New Logon fields indicate the account for whom the new logon was created, i.e. the account that was logged on.\\r\\n\\r\\nThe network fields indicate where a remote logon request originated. Workstation name is not always available and may be left blank in some cases.\\r\\n\\r\\nThe impersonation level field indicates the extent to which a process in the logon session can impersonate.\\r\\n\\r\\nThe authentication information fields provide detailed information about this specific logon request.\\r\\n\\t- Logon GUID is a unique identifier that can be used to correlate this event with a KDC event.\\r\\n\\t- Transited services indicate which intermediate services have participated in this logon request.\\r\\n\\t- Package name indicates which sub-protocol was used among the NTLM protocols.\\r\\n\\t- Key length indicates the length of the generated session key. This will be 0 if no session key was requested.\"}","source":"in_win_event_logs","host":"EC2AMAZ-T19PLRU","_time":1677711801.828,"cribl_breaker":["Windows Event Logs:regex","Break on newlines"]},{"_raw":"{\"Id\":4672,\"Version\":0,\"Qualifiers\":null,\"Level\":0,\"Task\":12548,\"Opcode\":0,\"Keywords\":-9214364837600034816,\"RecordId\":126314,\"ProviderName\":\"Microsoft-Windows-Security-Auditing\",\"ProviderId\":\"54849625-5478-4994-a5ba-3e3b0328c30d\",\"LogName\":\"Security\",\"ProcessId\":864,\"ThreadId\":5444,\"MachineName\":\"EC2AMAZ-T19PLRU\",\"UserId\":null,\"TimeCreated\":\"\\/Date(1677711801828)\\/\",\"ActivityId\":\"ded8c38d-4bde-0001-88c4-d8dede4bd901\",\"RelatedActivityId\":null,\"ContainerLog\":\"Security\",\"MatchedQueryIds\":[],\"Bookmark\":{},\"LevelDisplayName\":\"Information\",\"OpcodeDisplayName\":\"Info\",\"TaskDisplayName\":\"Special Logon\",\"KeywordsDisplayNames\":[\"Audit Success\"],\"Properties\":[{\"Value\":\"S-1-5-18\"},{\"Value\":\"SYSTEM\"},{\"Value\":\"NT AUTHORITY\"},{\"Value\":999},{\"Value\":\"SeAssignPrimaryTokenPrivilege\\r\\n\\t\\t\\tSeTcbPrivilege\\r\\n\\t\\t\\tSeSecurityPrivilege\\r\\n\\t\\t\\tSeTakeOwnershipPrivilege\\r\\n\\t\\t\\tSeLoadDriverPrivilege\\r\\n\\t\\t\\tSeBackupPrivilege\\r\\n\\t\\t\\tSeRestorePrivilege\\r\\n\\t\\t\\tSeDebugPrivilege\\r\\n\\t\\t\\tSeAuditPrivilege\\r\\n\\t\\t\\tSeSystemEnvironmentPrivilege\\r\\n\\t\\t\\tSeImpersonatePrivilege\\r\\n\\t\\t\\tSeDelegateSessionUserImpersonatePrivilege\"}],\"Message\":\"Special privileges assigned to new logon.\\r\\n\\r\\nSubject:\\r\\n\\tSecurity ID:\\t\\tS-1-5-18\\r\\n\\tAccount Name:\\t\\tSYSTEM\\r\\n\\tAccount Domain:\\t\\tNT AUTHORITY\\r\\n\\tLogon ID:\\t\\t0x3E7\\r\\n\\r\\nPrivileges:\\t\\tSeAssignPrimaryTokenPrivilege\\r\\n\\t\\t\\tSeTcbPrivilege\\r\\n\\t\\t\\tSeSecurityPrivilege\\r\\n\\t\\t\\tSeTakeOwnershipPrivilege\\r\\n\\t\\t\\tSeLoadDriverPrivilege\\r\\n\\t\\t\\tSeBackupPrivilege\\r\\n\\t\\t\\tSeRestorePrivilege\\r\\n\\t\\t\\tSeDebugPrivilege\\r\\n\\t\\t\\tSeAuditPrivilege\\r\\n\\t\\t\\tSeSystemEnvironmentPrivilege\\r\\n\\t\\t\\tSeImpersonatePrivilege\\r\\n\\t\\t\\tSeDelegateSessionUserImpersonatePrivilege\"}","source":"in_win_event_logs","host":"EC2AMAZ-T19PLRU","_time":1677711801.828,"cribl_breaker":["Windows Event Logs:regex","Break on newlines"]},{"_raw":"{\"Id\":7036,\"Version\":0,\"Qualifiers\":16384,\"Level\":4,\"Task\":0,\"Opcode\":0,\"Keywords\":-9187343239835811840,\"RecordId\":54895,\"ProviderName\":\"Service Control Manager\",\"ProviderId\":\"555908d1-a6d7-4695-8e1e-26931d2012f4\",\"LogName\":\"System\",\"ProcessId\":844,\"ThreadId\":8368,\"MachineName\":\"EC2AMAZ-T19PLRU\",\"UserId\":null,\"TimeCreated\":\"\\/Date(1677711801843)\\/\",\"ActivityId\":null,\"RelatedActivityId\":null,\"ContainerLog\":\"System\",\"MatchedQueryIds\":[],\"Bookmark\":{},\"LevelDisplayName\":\"Information\",\"OpcodeDisplayName\":null,\"TaskDisplayName\":null,\"KeywordsDisplayNames\":[\"Classic\"],\"Properties\":[{\"Value\":\"Diagnostic System Host\"},{\"Value\":\"running\"},{\"Value\":\"87 0 100 0 105 0 83 0 121 0 115 0 116 0 101 0 109 0 72 0 111 0 115 0 116 0 47 0 52 0 0 0\"}],\"Message\":\"The Diagnostic System Host service entered the running state.\"}","source":"in_win_event_logs","host":"EC2AMAZ-T19PLRU","_time":1677711801.843,"cribl_breaker":["Windows Event Logs:regex","Break on newlines"]},{"_raw":"{\"Id\":10000,\"Version\":0,\"Qualifiers\":null,\"Level\":4,\"Task\":0,\"Opcode\":0,\"Keywords\":-9223372036854775808,\"RecordId\":7191,\"ProviderName\":\"Microsoft-Windows-RestartManager\",\"ProviderId\":\"0888e5ef-9b98-4695-979d-e92ce4247224\",\"LogName\":\"Application\",\"ProcessId\":3684,\"ThreadId\":9056,\"MachineName\":\"EC2AMAZ-T19PLRU\",\"UserId\":{\"BinaryLength\":28,\"AccountDomainSid\":{\"BinaryLength\":24,\"AccountDomainSid\":\"S-1-5-21-1025632903-1663302900-376929966\",\"Value\":\"S-1-5-21-1025632903-1663302900-376929966\"},\"Value\":\"S-1-5-21-1025632903-1663302900-376929966-500\"},\"TimeCreated\":\"\\/Date(1677711803989)\\/\",\"ActivityId\":null,\"RelatedActivityId\":null,\"ContainerLog\":\"Application\",\"MatchedQueryIds\":[],\"Bookmark\":{},\"LevelDisplayName\":\"Information\",\"OpcodeDisplayName\":\"Info\",\"TaskDisplayName\":null,\"KeywordsDisplayNames\":[],\"Properties\":[{\"Value\":2},{\"Value\":\"\\/Date(1677711803984)\\/\"}],\"Message\":\"Starting session 2 - ?2023?-?03?-?01T23:03:23.984850300Z.\"}","source":"in_win_event_logs","host":"EC2AMAZ-T19PLRU","_time":1677711803.989,"cribl_breaker":["Windows Event Logs:regex","Break on newlines"]},{"_raw":"{\"Id\":10001,\"Version\":0,\"Qualifiers\":null,\"Level\":4,\"Task\":0,\"Opcode\":0,\"Keywords\":-9223372036854775808,\"RecordId\":7192,\"ProviderName\":\"Microsoft-Windows-RestartManager\",\"ProviderId\":\"0888e5ef-9b98-4695-979d-e92ce4247224\",\"LogName\":\"Application\",\"ProcessId\":3684,\"ThreadId\":9056,\"MachineName\":\"EC2AMAZ-T19PLRU\",\"UserId\":{\"BinaryLength\":28,\"AccountDomainSid\":{\"BinaryLength\":24,\"AccountDomainSid\":\"S-1-5-21-1025632903-1663302900-376929966\",\"Value\":\"S-1-5-21-1025632903-1663302900-376929966\"},\"Value\":\"S-1-5-21-1025632903-1663302900-376929966-500\"},\"TimeCreated\":\"\\/Date(1677711806930)\\/\",\"ActivityId\":null,\"RelatedActivityId\":null,\"ContainerLog\":\"Application\",\"MatchedQueryIds\":[],\"Bookmark\":{},\"LevelDisplayName\":\"Information\",\"OpcodeDisplayName\":\"Info\",\"TaskDisplayName\":null,\"KeywordsDisplayNames\":[],\"Properties\":[{\"Value\":2},{\"Value\":\"\\/Date(1677711803984)\\/\"}],\"Message\":\"Ending session 2 started ?2023?-?03?-?01T23:03:23.984850300Z.\"}","source":"in_win_event_logs","host":"EC2AMAZ-T19PLRU","_time":1677711806.93,"cribl_breaker":["Windows Event Logs:regex","Break on newlines"]}]